#
# There is insufficient memory for the Java Runtime Environment to continue.
# Native memory allocation (malloc) failed to allocate 32744 bytes for ChunkPool::allocate
# Possible reasons:
#   The system is out of physical RAM or swap space
#   In 32 bit mode, the process size limit was hit
# Possible solutions:
#   Reduce memory load on the system
#   Increase physical memory or swap space
#   Check if swap backing store is full
#   Use 64 bit Java on a 64 bit OS
#   Decrease Java heap size (-Xmx/-Xms)
#   Decrease number of Java threads
#   Decrease Java thread stack sizes (-Xss)
#   Set larger code cache with -XX:ReservedCodeCacheSize=
# This output file may be truncated or incomplete.
#
#  Out of Memory Error (allocation.cpp:273), pid=4484, tid=0x0000000000002188
#
# JRE version: OpenJDK Runtime Environment (8.0_152-b02) (build 1.8.0_152-release-1024-b02)
# Java VM: OpenJDK 64-Bit Server VM (25.152-b02 mixed mode windows-amd64 compressed oops)
# Failed to write core dump. Minidumps are not enabled by default on client versions of Windows
#

---------------  T H R E A D  ---------------

Current thread (0x000000001886c000):  JavaThread "C2 CompilerThread1" daemon [_thread_in_native, id=8584, stack(0x0000000018f20000,0x0000000019020000)]

Stack: [0x0000000018f20000,0x0000000019020000]
[error occurred during error reporting (printing stack bounds), id 0xc0000005]

Native frames: (J=compiled Java code, j=interpreted, Vv=VM code, C=native code)


Current CompileTask:
C2:3154595 21458       4       com.android.tools.r8.code.BaseInstructionFactory::create (3362 bytes)


---------------  P R O C E S S  ---------------

Java Threads: ( => current thread )
  0x000000001d187800 JavaThread "ForkJoinPool.commonPool-worker-1" daemon [_thread_blocked, id=8604, stack(0x00000000477b0000,0x00000000478b0000)]
  0x000000001d188800 JavaThread "ForkJoinPool.commonPool-worker-3" daemon [_thread_blocked, id=6784, stack(0x00000000472b0000,0x00000000473b0000)]
  0x0000000024628000 JavaThread "ForkJoinPool.commonPool-worker-2" daemon [_thread_blocked, id=9652, stack(0x00000000452b0000,0x00000000453b0000)]
  0x000000001d17d000 JavaThread "ForkJoinPool.commonPool-worker-0" daemon [_thread_blocked, id=6232, stack(0x0000000030fb0000,0x00000000310b0000)]
  0x000000001d182000 JavaThread "ForkJoinPool.commonPool-worker-6" daemon [_thread_blocked, id=10516, stack(0x0000000030db0000,0x0000000030eb0000)]
  0x000000001d17a800 JavaThread "ForkJoinPool.commonPool-worker-5" daemon [_thread_blocked, id=876, stack(0x0000000030cb0000,0x0000000030db0000)]
  0x000000001d183000 JavaThread "ForkJoinPool.commonPool-worker-4" daemon [_thread_blocked, id=9532, stack(0x000000002f7b0000,0x000000002f8b0000)]
  0x000000001d181800 JavaThread "Cache worker for Java compile cache (C:\Users\User\Desktop\lab5\.gradle\4.4\javaCompile)" [_thread_blocked, id=7776, stack(0x000000002f6b0000,0x000000002f7b0000)]
  0x000000001d180800 JavaThread "Task worker for ':' Thread 5" [_thread_in_Java, id=10316, stack(0x000000002f5b0000,0x000000002f6b0000)]
  0x000000001d17d800 JavaThread "Task worker for ':' Thread 4" [_thread_blocked, id=2932, stack(0x000000002f4b0000,0x000000002f5b0000)]
  0x000000001d180000 JavaThread "Task worker for ':' Thread 3" [_thread_blocked, id=6460, stack(0x000000002f3b0000,0x000000002f4b0000)]
  0x000000001be37800 JavaThread "Task worker for ':' Thread 2" [_thread_blocked, id=216, stack(0x000000002f2b0000,0x000000002f3b0000)]
  0x000000001be30000 JavaThread "Task worker for ':'" [_thread_blocked, id=3632, stack(0x000000002f1b0000,0x000000002f2b0000)]
  0x000000001be37000 JavaThread "Cache worker for Build Output Cleanup Cache (C:\Users\User\Desktop\lab5\.gradle\buildOutputCleanup)" [_thread_blocked, id=7048, stack(0x000000002f0b0000,0x000000002f1b0000)]
  0x000000001be35800 JavaThread "Cache worker for task history cache (C:\Users\User\Desktop\lab5\.gradle\4.4\taskHistory)" [_thread_blocked, id=9200, stack(0x000000002efb0000,0x000000002f0b0000)]
  0x000000001be34000 JavaThread "Cache worker for file content cache (C:\Users\User\Desktop\lab5\.gradle\4.4\fileContent)" [_thread_blocked, id=9696, stack(0x000000002eeb0000,0x000000002efb0000)]
  0x000000001be31000 JavaThread "build operations Thread 6" [_thread_blocked, id=220, stack(0x000000002edb0000,0x000000002eeb0000)]
  0x000000001be33000 JavaThread "build operations Thread 5" [_thread_blocked, id=5440, stack(0x000000002ecb0000,0x000000002edb0000)]
  0x000000001be34800 JavaThread "build operations Thread 4" [_thread_blocked, id=10336, stack(0x000000002ebb0000,0x000000002ecb0000)]
  0x000000001be32800 JavaThread "build operations Thread 3" [_thread_blocked, id=10584, stack(0x000000002eab0000,0x000000002ebb0000)]
  0x000000001be31800 JavaThread "build operations Thread 2" [_thread_blocked, id=11088, stack(0x000000002e9b0000,0x000000002eab0000)]
  0x000000001be28800 JavaThread "build operations" [_thread_blocked, id=10332, stack(0x000000002e8b0000,0x000000002e9b0000)]
  0x000000001be2b000 JavaThread "Cache worker for Artifact transforms cache (C:\Users\User\.gradle\caches\transforms-1)" [_thread_blocked, id=796, stack(0x000000002e7b0000,0x000000002e8b0000)]
  0x000000001be2e800 JavaThread "Cache worker for file hash cache (C:\Users\User\Desktop\lab5\.gradle\4.4\fileHashes)" [_thread_blocked, id=9936, stack(0x000000002e6b0000,0x000000002e7b0000)]
  0x000000001be2f800 JavaThread "Stdin handler" [_thread_blocked, id=8932, stack(0x000000002e5b0000,0x000000002e6b0000)]
  0x000000001be2c800 JavaThread "Asynchronous log dispatcher for DefaultDaemonConnection: socket connection from /127.0.0.1:6001 to /127.0.0.1:6431" [_thread_blocked, id=2376, stack(0x000000002e4b0000,0x000000002e5b0000)]
  0x000000001be29800 JavaThread "Cancel handler" [_thread_blocked, id=6340, stack(0x000000002e3b0000,0x000000002e4b0000)]
  0x000000001be2e000 JavaThread "Handler for socket connection from /127.0.0.1:6001 to /127.0.0.1:6431" [_thread_in_native, id=8572, stack(0x000000002e2b0000,0x000000002e3b0000)]
  0x000000001be2d000 JavaThread "Daemon worker Thread 2" [_thread_blocked, id=1316, stack(0x00000000291b0000,0x00000000292b0000)]
  0x000000001be2b800 JavaThread "Daemon Thread 2" [_thread_blocked, id=11208, stack(0x0000000028eb0000,0x0000000028fb0000)]
  0x000000001d17e800 JavaThread "Memory manager" [_thread_blocked, id=868, stack(0x0000000022a80000,0x0000000022b80000)]
  0x000000001a472800 JavaThread "File lock request listener" [_thread_in_native, id=11140, stack(0x000000001ba90000,0x000000001bb90000)]
  0x000000001a2d6800 JavaThread "Cache worker for file hash cache (C:\Users\User\.gradle\caches\4.4\fileHashes)" [_thread_blocked, id=7736, stack(0x000000001b990000,0x000000001ba90000)]
  0x000000001a162000 JavaThread "Daemon periodic checks" [_thread_blocked, id=6272, stack(0x000000001ae90000,0x000000001af90000)]
  0x000000001a13a800 JavaThread "Incoming local TCP Connector on port 6001" [_thread_in_native, id=10624, stack(0x000000001acf0000,0x000000001adf0000)]
  0x00000000188ea800 JavaThread "Service Thread" daemon [_thread_blocked, id=9376, stack(0x0000000019120000,0x0000000019220000)]
  0x0000000018870000 JavaThread "C1 CompilerThread2" daemon [_thread_blocked, id=2132, stack(0x0000000019020000,0x0000000019120000)]
=>0x000000001886c000 JavaThread "C2 CompilerThread1" daemon [_thread_in_native, id=8584, stack(0x0000000018f20000,0x0000000019020000)]
  0x0000000016ecd000 JavaThread "C2 CompilerThread0" daemon [_thread_in_native, id=8088, stack(0x0000000018e20000,0x0000000018f20000)]
  0x0000000016ec1000 JavaThread "Attach Listener" daemon [_thread_blocked, id=7368, stack(0x0000000018d20000,0x0000000018e20000)]
  0x0000000016ec0000 JavaThread "Signal Dispatcher" daemon [_thread_blocked, id=5336, stack(0x0000000018c20000,0x0000000018d20000)]
  0x00000000032fc800 JavaThread "Finalizer" daemon [_thread_blocked, id=4656, stack(0x0000000018720000,0x0000000018820000)]
  0x00000000032f4000 JavaThread "Reference Handler" daemon [_thread_blocked, id=9924, stack(0x0000000018620000,0x0000000018720000)]
  0x00000000031fe000 JavaThread "main" [_thread_blocked, id=7064, stack(0x0000000003080000,0x0000000003180000)]

Other Threads:
  0x0000000016e76000 VMThread [stack: 0x0000000018520000,0x0000000018620000] [id=3160]
  0x00000000188eb800 WatcherThread [stack: 0x0000000019220000,0x0000000019320000] [id=8268]

VM state:not at safepoint (normal execution)

VM Mutex/Monitor currently owned by a thread: None

Heap:
 PSYoungGen      total 372736K, used 255638K [0x00000000e0000000, 0x00000000f8780000, 0x0000000100000000)
  eden space 352768K, 71% used [0x00000000e0000000,0x00000000ef70fc00,0x00000000f5880000)
  from space 19968K, 13% used [0x00000000f7400000,0x00000000f7695c10,0x00000000f8780000)
  to   space 24064K, 0% used [0x00000000f5880000,0x00000000f5880000,0x00000000f7000000)
 ParOldGen       total 140800K, used 89285K [0x00000000a0000000, 0x00000000a8980000, 0x00000000e0000000)
  object space 140800K, 63% used [0x00000000a0000000,0x00000000a5731540,0x00000000a8980000)
 Metaspace       used 90941K, capacity 95266K, committed 95320K, reserved 1132544K
  class space    used 11517K, capacity 12412K, committed 12416K, reserved 1048576K

Card table byte_map: [0x00000000126c0000,0x00000000129d0000] byte_map_base: 0x00000000121c0000

Marking Bits: (ParMarkBitMap*) 0x0000000051514970
 Begin Bits: [0x00000000131d0000, 0x00000000149d0000)
 End Bits:   [0x00000000149d0000, 0x00000000161d0000)

Polling page: 0x00000000012a0000

CodeCache: size=245760Kb used=58234Kb max_used=58447Kb free=187525Kb
 bounds [0x0000000003300000, 0x0000000006c90000, 0x0000000012300000]
 total_blobs=18413 nmethods=17527 adapters=794
 compilation: enabled

Compilation events (10 events):
Event: 3153.721 Thread 0x0000000018870000 21535       2       com.android.tools.r8.graph.DexValue$DexValueEnum::writeTo (7 bytes)
Event: 3153.721 Thread 0x0000000018870000 nmethod 21535 0x00000000066b65d0 code [0x00000000066b6740, 0x00000000066b68a8]
Event: 3153.722 Thread 0x0000000018870000 21536       2       com.android.tools.r8.graph.DexValue$DexValueMethod::writeTo (7 bytes)
Event: 3153.722 Thread 0x0000000018870000 nmethod 21536 0x00000000063c5250 code [0x00000000063c53c0, 0x00000000063c5528]
Event: 3153.724 Thread 0x0000000018870000 21537       3       com.android.tools.r8.dex.FileWriter::writeEncodedMethods (205 bytes)
Event: 3153.725 Thread 0x0000000018870000 nmethod 21537 0x0000000004d19910 code [0x0000000004d19bc0, 0x0000000004d1adc8]
Event: 3153.732 Thread 0x0000000018870000 21538       2       com.android.tools.r8.dex.FileWriter$MixedSectionOffsets::setOffsetFor (36 bytes)
Event: 3153.732 Thread 0x0000000018870000 nmethod 21538 0x0000000004d19550 code [0x0000000004d196c0, 0x0000000004d19848]
Event: 3153.749 Thread 0x0000000018870000 21540       2       com.android.tools.r8.dex.FileWriter::writeFixedSectionItems (65 bytes)
Event: 3153.750 Thread 0x0000000018870000 nmethod 21540 0x00000000063c4d90 code [0x00000000063c4f00, 0x00000000063c5108]

GC Heap History (10 events):
Event: 3146.252 GC heap before
{Heap before GC invocations=31 (full 3):
 PSYoungGen      total 249344K, used 229624K [0x00000000e0000000, 0x00000000f3580000, 0x0000000100000000)
  eden space 224256K, 100% used [0x00000000e0000000,0x00000000edb00000,0x00000000edb00000)
  from space 25088K, 21% used [0x00000000edb00000,0x00000000ee03e168,0x00000000ef380000)
  to   space 25088K, 0% used [0x00000000f1d00000,0x00000000f1d00000,0x00000000f3580000)
 ParOldGen       total 140800K, used 77112K [0x00000000a0000000, 0x00000000a8980000, 0x00000000e0000000)
  object space 140800K, 54% used [0x00000000a0000000,0x00000000a4b4e2a8,0x00000000a8980000)
 Metaspace       used 89878K, capacity 94046K, committed 94296K, reserved 1130496K
  class space    used 11446K, capacity 12338K, committed 12416K, reserved 1048576K
Event: 3146.269 GC heap after
Heap after GC invocations=31 (full 3):
 PSYoungGen      total 286720K, used 2272K [0x00000000e0000000, 0x00000000f3380000, 0x0000000100000000)
  eden space 263680K, 0% used [0x00000000e0000000,0x00000000e0000000,0x00000000f0180000)
  from space 23040K, 9% used [0x00000000f1d00000,0x00000000f1f38240,0x00000000f3380000)
  to   space 25600K, 0% used [0x00000000f0180000,0x00000000f0180000,0x00000000f1a80000)
 ParOldGen       total 140800K, used 78506K [0x00000000a0000000, 0x00000000a8980000, 0x00000000e0000000)
  object space 140800K, 55% used [0x00000000a0000000,0x00000000a4caaa78,0x00000000a8980000)
 Metaspace       used 89878K, capacity 94046K, committed 94296K, reserved 1130496K
  class space    used 11446K, capacity 12338K, committed 12416K, reserved 1048576K
}
Event: 3147.122 GC heap before
{Heap before GC invocations=32 (full 3):
 PSYoungGen      total 286720K, used 265952K [0x00000000e0000000, 0x00000000f3380000, 0x0000000100000000)
  eden space 263680K, 100% used [0x00000000e0000000,0x00000000f0180000,0x00000000f0180000)
  from space 23040K, 9% used [0x00000000f1d00000,0x00000000f1f38240,0x00000000f3380000)
  to   space 25600K, 0% used [0x00000000f0180000,0x00000000f0180000,0x00000000f1a80000)
 ParOldGen       total 140800K, used 78506K [0x00000000a0000000, 0x00000000a8980000, 0x00000000e0000000)
  object space 140800K, 55% used [0x00000000a0000000,0x00000000a4caaa78,0x00000000a8980000)
 Metaspace       used 89988K, capacity 94188K, committed 94296K, reserved 1130496K
  class space    used 11447K, capacity 12339K, committed 12416K, reserved 1048576K
Event: 3147.145 GC heap after
Heap after GC invocations=32 (full 3):
 PSYoungGen      total 289280K, used 9116K [0x00000000e0000000, 0x00000000f5d00000, 0x0000000100000000)
  eden space 263680K, 0% used [0x00000000e0000000,0x00000000e0000000,0x00000000f0180000)
  from space 25600K, 35% used [0x00000000f0180000,0x00000000f0a67038,0x00000000f1a80000)
  to   space 24576K, 0% used [0x00000000f4500000,0x00000000f4500000,0x00000000f5d00000)
 ParOldGen       total 140800K, used 78530K [0x00000000a0000000, 0x00000000a8980000, 0x00000000e0000000)
  object space 140800K, 55% used [0x00000000a0000000,0x00000000a4cb0a78,0x00000000a8980000)
 Metaspace       used 89988K, capacity 94188K, committed 94296K, reserved 1130496K
  class space    used 11447K, capacity 12339K, committed 12416K, reserved 1048576K
}
Event: 3147.477 GC heap before
{Heap before GC invocations=33 (full 3):
 PSYoungGen      total 289280K, used 272796K [0x00000000e0000000, 0x00000000f5d00000, 0x0000000100000000)
  eden space 263680K, 100% used [0x00000000e0000000,0x00000000f0180000,0x00000000f0180000)
  from space 25600K, 35% used [0x00000000f0180000,0x00000000f0a67038,0x00000000f1a80000)
  to   space 24576K, 0% used [0x00000000f4500000,0x00000000f4500000,0x00000000f5d00000)
 ParOldGen       total 140800K, used 78530K [0x00000000a0000000, 0x00000000a8980000, 0x00000000e0000000)
  object space 140800K, 55% used [0x00000000a0000000,0x00000000a4cb0a78,0x00000000a8980000)
 Metaspace       used 90016K, capacity 94260K, committed 94552K, reserved 1132544K
  class space    used 11447K, capacity 12339K, committed 12416K, reserved 1048576K
Event: 3147.491 GC heap after
Heap after GC invocations=33 (full 3):
 PSYoungGen      total 332800K, used 3568K [0x00000000e0000000, 0x00000000f5d80000, 0x0000000100000000)
  eden space 308224K, 0% used [0x00000000e0000000,0x00000000e0000000,0x00000000f2d00000)
  from space 24576K, 14% used [0x00000000f4500000,0x00000000f487c010,0x00000000f5d00000)
  to   space 24576K, 0% used [0x00000000f2d00000,0x00000000f2d00000,0x00000000f4500000)
 ParOldGen       total 140800K, used 85305K [0x00000000a0000000, 0x00000000a8980000, 0x00000000e0000000)
  object space 140800K, 60% used [0x00000000a0000000,0x00000000a534e608,0x00000000a8980000)
 Metaspace       used 90016K, capacity 94260K, committed 94552K, reserved 1132544K
  class space    used 11447K, capacity 12339K, committed 12416K, reserved 1048576K
}
Event: 3148.182 GC heap before
{Heap before GC invocations=34 (full 3):
 PSYoungGen      total 332800K, used 311792K [0x00000000e0000000, 0x00000000f5d80000, 0x0000000100000000)
  eden space 308224K, 100% used [0x00000000e0000000,0x00000000f2d00000,0x00000000f2d00000)
  from space 24576K, 14% used [0x00000000f4500000,0x00000000f487c010,0x00000000f5d00000)
  to   space 24576K, 0% used [0x00000000f2d00000,0x00000000f2d00000,0x00000000f4500000)
 ParOldGen       total 140800K, used 85305K [0x00000000a0000000, 0x00000000a8980000, 0x00000000e0000000)
  object space 140800K, 60% used [0x00000000a0000000,0x00000000a534e608,0x00000000a8980000)
 Metaspace       used 90127K, capacity 94332K, committed 94552K, reserved 1132544K
  class space    used 11448K, capacity 12341K, committed 12416K, reserved 1048576K
Event: 3148.192 GC heap after
Heap after GC invocations=34 (full 3):
 PSYoungGen      total 332800K, used 3924K [0x00000000e0000000, 0x00000000f8b80000, 0x0000000100000000)
  eden space 308224K, 0% used [0x00000000e0000000,0x00000000e0000000,0x00000000f2d00000)
  from space 24576K, 15% used [0x00000000f2d00000,0x00000000f30d5078,0x00000000f4500000)
  to   space 24064K, 0% used [0x00000000f7400000,0x00000000f7400000,0x00000000f8b80000)
 ParOldGen       total 140800K, used 87101K [0x00000000a0000000, 0x00000000a8980000, 0x00000000e0000000)
  object space 140800K, 61% used [0x00000000a0000000,0x00000000a550f678,0x00000000a8980000)
 Metaspace       used 90127K, capacity 94332K, committed 94552K, reserved 1132544K
  class space    used 11448K, capacity 12341K, committed 12416K, reserved 1048576K
}
Event: 3149.338 GC heap before
{Heap before GC invocations=35 (full 3):
 PSYoungGen      total 332800K, used 312148K [0x00000000e0000000, 0x00000000f8b80000, 0x0000000100000000)
  eden space 308224K, 100% used [0x00000000e0000000,0x00000000f2d00000,0x00000000f2d00000)
  from space 24576K, 15% used [0x00000000f2d00000,0x00000000f30d5078,0x00000000f4500000)
  to   space 24064K, 0% used [0x00000000f7400000,0x00000000f7400000,0x00000000f8b80000)
 ParOldGen       total 140800K, used 87101K [0x00000000a0000000, 0x00000000a8980000, 0x00000000e0000000)
  object space 140800K, 61% used [0x00000000a0000000,0x00000000a550f678,0x00000000a8980000)
 Metaspace       used 90275K, capacity 94472K, committed 94808K, reserved 1132544K
  class space    used 11454K, capacity 12343K, committed 12416K, reserved 1048576K
Event: 3149.351 GC heap after
Heap after GC invocations=35 (full 3):
 PSYoungGen      total 372736K, used 2647K [0x00000000e0000000, 0x00000000f8780000, 0x0000000100000000)
  eden space 352768K, 0% used [0x00000000e0000000,0x00000000e0000000,0x00000000f5880000)
  from space 19968K, 13% used [0x00000000f7400000,0x00000000f7695c10,0x00000000f8780000)
  to   space 24064K, 0% used [0x00000000f5880000,0x00000000f5880000,0x00000000f7000000)
 ParOldGen       total 140800K, used 89285K [0x00000000a0000000, 0x00000000a8980000, 0x00000000e0000000)
  object space 140800K, 63% used [0x00000000a0000000,0x00000000a5731540,0x00000000a8980000)
 Metaspace       used 90275K, capacity 94472K, committed 94808K, reserved 1132544K
  class space    used 11454K, capacity 12343K, committed 12416K, reserved 1048576K
}

Deoptimization events (10 events):
Event: 3153.262 Thread 0x0000000024632800 Uncommon trap: reason=array_check action=maybe_recompile pc=0x0000000006151560 method=java.util.TimSort.mergeHi(IIII)V @ 101
Event: 3153.313 Thread 0x000000001d183000 Uncommon trap: reason=unstable_if action=reinterpret pc=0x000000000560c604 method=java.nio.Bits.copyToArray(JLjava/lang/Object;JJJ)V @ 19
Event: 3153.398 Thread 0x000000001d185800 Uncommon trap: reason=array_check action=maybe_recompile pc=0x0000000006151560 method=java.util.TimSort.mergeHi(IIII)V @ 101
Event: 3153.421 Thread 0x000000001d186000 Uncommon trap: reason=array_check action=maybe_recompile pc=0x0000000006151560 method=java.util.TimSort.mergeHi(IIII)V @ 101
Event: 3153.664 Thread 0x000000002462f800 Uncommon trap: reason=array_check action=maybe_recompile pc=0x0000000006151560 method=java.util.TimSort.mergeHi(IIII)V @ 101
Event: 3153.664 Thread 0x000000002462f800 Uncommon trap: reason=array_check action=maybe_recompile pc=0x0000000006bdfa6c method=java.util.TimSort.mergeLo(IIII)V @ 133
Event: 3153.664 Thread 0x000000002462f800 Uncommon trap: reason=predicate action=maybe_recompile pc=0x0000000006bdf73c method=java.util.TimSort.mergeLo(IIII)V @ 153
Event: 3153.669 Thread 0x000000002462f800 Uncommon trap: reason=array_check action=maybe_recompile pc=0x0000000006bb15b4 method=java.util.TimSort.mergeHi(IIII)V @ 250
Event: 3153.672 Thread 0x000000002462f800 Uncommon trap: reason=array_check action=maybe_recompile pc=0x0000000006bb15b4 method=java.util.TimSort.mergeHi(IIII)V @ 250
Event: 3153.679 Thread 0x000000002462f800 Uncommon trap: reason=unstable_if action=reinterpret pc=0x00000000053d4360 method=com.android.tools.r8.dex.DexOutputBuffer.ensureSpaceFor(I)V @ 8

Classes redefined (0 events):
No events

Internal exceptions (10 events):
Event: 3153.368 Thread 0x000000002462b800 Exception <a 'sun/nio/fs/WindowsException'> (0x00000000eab61948) thrown at [D:\src\AOSP-openjdk-cygwin\jdk8u\hotspot\src\share\vm\prims\jni.cpp, line 709]
Event: 3153.374 Thread 0x000000001d188800 Exception <a 'sun/nio/fs/WindowsException'> (0x00000000eb2add10) thrown at [D:\src\AOSP-openjdk-cygwin\jdk8u\hotspot\src\share\vm\prims\jni.cpp, line 709]
Event: 3153.374 Thread 0x0000000024628000 Exception <a 'sun/nio/fs/WindowsException'> (0x00000000e9f152a8) thrown at [D:\src\AOSP-openjdk-cygwin\jdk8u\hotspot\src\share\vm\prims\jni.cpp, line 709]
Event: 3153.377 Thread 0x000000001d182000 Exception <a 'sun/nio/fs/WindowsException'> (0x00000000ead520b8) thrown at [D:\src\AOSP-openjdk-cygwin\jdk8u\hotspot\src\share\vm\prims\jni.cpp, line 709]
Event: 3153.385 Thread 0x000000001d187800 Exception <a 'sun/nio/fs/WindowsException'> (0x00000000eb6079f0) thrown at [D:\src\AOSP-openjdk-cygwin\jdk8u\hotspot\src\share\vm\prims\jni.cpp, line 709]
Event: 3153.388 Thread 0x000000001d184800 Exception <a 'sun/nio/fs/WindowsException'> (0x00000000eb4c8dd8) thrown at [D:\src\AOSP-openjdk-cygwin\jdk8u\hotspot\src\share\vm\prims\jni.cpp, line 709]
Event: 3153.402 Thread 0x000000001d185800 Exception <a 'sun/nio/fs/WindowsException'> (0x00000000eb91fcb0) thrown at [D:\src\AOSP-openjdk-cygwin\jdk8u\hotspot\src\share\vm\prims\jni.cpp, line 709]
Event: 3153.417 Thread 0x000000001f623000 Exception <a 'sun/nio/fs/WindowsException'> (0x00000000ebb5c908) thrown at [D:\src\AOSP-openjdk-cygwin\jdk8u\hotspot\src\share\vm\prims\jni.cpp, line 709]
Event: 3153.422 Thread 0x000000001d186000 Exception <a 'sun/nio/fs/WindowsException'> (0x00000000eb55ecb8) thrown at [D:\src\AOSP-openjdk-cygwin\jdk8u\hotspot\src\share\vm\prims\jni.cpp, line 709]
Event: 3153.770 Thread 0x000000002462f800 Exception <a 'sun/nio/fs/WindowsException'> (0x00000000ef65d4f8) thrown at [D:\src\AOSP-openjdk-cygwin\jdk8u\hotspot\src\share\vm\prims\jni.cpp, line 709]

Events (10 events):
Event: 3153.679 Thread 0x000000002462f800 DEOPT PACKING pc=0x0000000005f98c45 sp=0x00000000480aeaa0
Event: 3153.679 Thread 0x000000002462f800 DEOPT UNPACKING pc=0x00000000033475d0 sp=0x00000000480ae808 mode 0
Event: 3153.679 Thread 0x000000002462f800 DEOPT PACKING pc=0x0000000005f98c45 sp=0x00000000480aeaa0
Event: 3153.679 Thread 0x000000002462f800 DEOPT UNPACKING pc=0x00000000033475d0 sp=0x00000000480ae808 mode 0
Event: 3153.679 Thread 0x000000002462f800 Uncommon trap: trap_request=0xffffff65 fr.pc=0x00000000053d4360
Event: 3153.679 Thread 0x000000002462f800 DEOPT PACKING pc=0x00000000053d4360 sp=0x00000000480aeb70
Event: 3153.679 Thread 0x000000002462f800 DEOPT UNPACKING pc=0x000000000334557b sp=0x00000000480aeaf0 mode 2
Event: 3153.782 Thread 0x000000002462f800 Thread exited: 0x000000002462f800
Event: 3153.782 Thread 0x0000000024634000 Thread exited: 0x0000000024634000
Event: 3153.782 Thread 0x000000002462c800 Thread exited: 0x000000002462c800


Dynamic libraries:
0x00007ff7688e0000 - 0x00007ff768911000 	C:\Program Files\Android\Android Studio\jre\bin\java.exe
0x00007ff9210e0000 - 0x00007ff9212b0000 	C:\windows\SYSTEM32\ntdll.dll
0x00007ff920890000 - 0x00007ff92093c000 	C:\windows\System32\KERNEL32.DLL
0x00007ff91d5d0000 - 0x00007ff91d7ed000 	C:\windows\System32\KERNELBASE.dll
0x0000000052180000 - 0x0000000052215000 	C:\windows\System32\SYSFER.DLL
0x00007ff920fd0000 - 0x00007ff921072000 	C:\windows\System32\ADVAPI32.dll
0x00007ff920d40000 - 0x00007ff920dde000 	C:\windows\System32\msvcrt.dll
0x00007ff9201a0000 - 0x00007ff9201f9000 	C:\windows\System32\sechost.dll
0x00007ff920940000 - 0x00007ff920a61000 	C:\windows\System32\RPCRT4.dll
0x00007ff920e60000 - 0x00007ff920fc5000 	C:\windows\System32\USER32.dll
0x00007ff91d890000 - 0x00007ff91d8ae000 	C:\windows\System32\win32u.dll
0x00007ff920600000 - 0x00007ff920634000 	C:\windows\System32\GDI32.dll
0x00007ff91e330000 - 0x00007ff91e4b1000 	C:\windows\System32\gdi32full.dll
0x00007ff90fba0000 - 0x00007ff90fe1a000 	C:\windows\WinSxS\amd64_microsoft.windows.common-controls_6595b64144ccf1df_6.0.14393.2273_none_7de240fc83403786\COMCTL32.dll
0x00007ff920200000 - 0x00007ff9204c8000 	C:\windows\System32\combase.dll
0x00007ff91e1c0000 - 0x00007ff91e2b5000 	C:\windows\System32\ucrtbase.dll
0x00007ff91e2c0000 - 0x00007ff91e32a000 	C:\windows\System32\bcryptPrimitives.dll
0x00007ff920640000 - 0x00007ff92066e000 	C:\windows\System32\IMM32.DLL
0x0000000050760000 - 0x0000000050832000 	C:\Program Files\Android\Android Studio\jre\jre\bin\msvcr100.dll
0x0000000050d50000 - 0x000000005158f000 	C:\Program Files\Android\Android Studio\jre\jre\bin\server\jvm.dll
0x00007ff91e710000 - 0x00007ff91e718000 	C:\windows\System32\PSAPI.DLL
0x00007ff91a5b0000 - 0x00007ff91a5b9000 	C:\windows\SYSTEM32\WSOCK32.dll
0x00007ff920a70000 - 0x00007ff920ada000 	C:\windows\System32\WS2_32.dll
0x00007ff91b880000 - 0x00007ff91b8a3000 	C:\windows\SYSTEM32\WINMM.dll
0x00007ff91c850000 - 0x00007ff91c85a000 	C:\windows\SYSTEM32\VERSION.dll
0x00007ff91b560000 - 0x00007ff91b58b000 	C:\windows\SYSTEM32\WINMMBASE.dll
0x00007ff91e4c0000 - 0x00007ff91e502000 	C:\windows\System32\cfgmgr32.dll
0x00007ff91a600000 - 0x00007ff91a60f000 	C:\Program Files\Android\Android Studio\jre\jre\bin\verify.dll
0x00007ff90f8c0000 - 0x00007ff90f8e9000 	C:\Program Files\Android\Android Studio\jre\jre\bin\java.dll
0x00007ff910500000 - 0x00007ff910516000 	C:\Program Files\Android\Android Studio\jre\jre\bin\zip.dll
0x00007ff91e720000 - 0x00007ff91fc25000 	C:\windows\System32\SHELL32.dll
0x00007ff91da80000 - 0x00007ff91e159000 	C:\windows\System32\windows.storage.dll
0x00007ff91d560000 - 0x00007ff91d5ac000 	C:\windows\System32\powrprof.dll
0x00007ff920c80000 - 0x00007ff920cd2000 	C:\windows\System32\shlwapi.dll
0x00007ff91d5b0000 - 0x00007ff91d5bf000 	C:\windows\System32\kernel.appcore.dll
0x00007ff91e5c0000 - 0x00007ff91e669000 	C:\windows\System32\shcore.dll
0x00007ff91d540000 - 0x00007ff91d554000 	C:\windows\System32\profapi.dll
0x00007ff90faa0000 - 0x00007ff90faba000 	C:\Program Files\Android\Android Studio\jre\jre\bin\net.dll
0x00007ff91ce10000 - 0x00007ff91ce6c000 	C:\windows\system32\mswsock.dll
0x00007ff90f8a0000 - 0x00007ff90f8b1000 	C:\Program Files\Android\Android Studio\jre\jre\bin\nio.dll
0x00007ff90f860000 - 0x00007ff90f87e000 	C:\Users\User\.gradle\native\25\windows-amd64\native-platform.dll
0x00007ff91a570000 - 0x00007ff91a57d000 	C:\Program Files\Android\Android Studio\jre\jre\bin\management.dll
0x00007ff91cfb0000 - 0x00007ff91cfc7000 	C:\windows\SYSTEM32\CRYPTSP.dll
0x00007ff91ca10000 - 0x00007ff91ca43000 	C:\windows\system32\rsaenh.dll
0x00007ff91d480000 - 0x00007ff91d4ab000 	C:\windows\SYSTEM32\bcrypt.dll
0x00007ff91cc90000 - 0x00007ff91ccaf000 	C:\windows\SYSTEM32\USERENV.dll
0x00007ff91cfd0000 - 0x00007ff91cfdb000 	C:\windows\SYSTEM32\CRYPTBASE.dll
0x00007ff91cb90000 - 0x00007ff91cbc8000 	C:\windows\SYSTEM32\IPHLPAPI.DLL
0x00007ff9204f0000 - 0x00007ff9204f8000 	C:\windows\System32\NSI.dll
0x00007ff9190b0000 - 0x00007ff9190c6000 	C:\windows\SYSTEM32\dhcpcsvc6.DLL
0x00007ff919330000 - 0x00007ff91934a000 	C:\windows\SYSTEM32\dhcpcsvc.DLL
0x00007ff90bb50000 - 0x00007ff90bb74000 	C:\Program Files\Android\Android Studio\jre\jre\bin\sunec.dll
0x00007ff91cbe0000 - 0x00007ff91cc81000 	C:\windows\SYSTEM32\DNSAPI.dll
0x00007ff913530000 - 0x00007ff91353a000 	C:\Windows\System32\rasadhlp.dll
0x00007ff916930000 - 0x00007ff91699a000 	C:\windows\System32\fwpuclnt.dll
0x00007ff912850000 - 0x00007ff91285b000 	C:\Program Files\Android\Android Studio\jre\jre\bin\sunmscapi.dll
0x00007ff91d8b0000 - 0x00007ff91da79000 	C:\windows\System32\CRYPT32.dll
0x00007ff91d5c0000 - 0x00007ff91d5d0000 	C:\windows\System32\MSASN1.dll
0x00007ff91b9c0000 - 0x00007ff91ba3a000 	C:\windows\system32\apphelp.dll

VM Arguments:
jvm_args: -Xmx1536m -Dfile.encoding=x-windows-950 -Duser.country=TW -Duser.language=zh -Duser.variant 
java_command: org.gradle.launcher.daemon.bootstrap.GradleDaemon 4.4
java_class_path (initial): C:\Users\User\.gradle\wrapper\dists\gradle-4.4-all\9br9xq1tocpiv8o6njlyu5op1\gradle-4.4\lib\gradle-launcher-4.4.jar
Launcher Type: SUN_STANDARD

Environment Variables:
PATH=C:\Program Files (x86)\Common Files\Oracle\Java\javapath;C:\Program Files (x86)\Intel\Intel(R) Management Engine Components\iCLS\;C:\Program Files\Intel\Intel(R) Management Engine Components\iCLS\;C:\ProgramData\Oracle\Java\javapath;C:\PROGRA~2\Borland\CBUILD~1\Projects\Bpl;C:\PROGRA~2\Borland\CBUILD~1\Bin;C:\windows\system32;C:\windows;C:\windows\System32\Wbem;"C:\Program Files\Java\jdk-10.0.2\bin";C:\Program Files\dotnet\;C:\Program Files (x86)\Common Files\Ulead Systems\MPEG;C:\Program Files (x86)\Common Files\Ulead Systems\DVD;C:\Program Files (x86)\Intel\Intel(R) Management Engine Components\DAL;C:\Program Files\Intel\Intel(R) Management Engine Components\DAL;C:\Program Files (x86)\Intel\Intel(R) Management Engine Components\IPT;C:\Program Files\Intel\Intel(R) Management Engine Components\IPT;C:\Program Files\MATLAB\R2017b\runtime\win64;C:\Program Files\MATLAB\R2017b\bin;C:\Program Files (x86)\Microsoft SQL Server\110\Tools\Binn\;C:\Program Files\Microsoft SQL Server\110\Tools\Binn\;C:\Program Files\Microsoft SQL Server\110\DTS\Binn\;C:\Program Files (x86)\Common Files\AspenTech Shared\;C:\Program Files\Git\cmd;C:\Program Files\Microsoft SQL Server\130\Tools\Binn\;C:\Users\User\AppData\Local\Microsoft\WindowsApps;AspenTech\Aspen Hydraulics;C:\Program Files (x86)\g95\bin
USERNAME=User
OS=Windows_NT
PROCESSOR_IDENTIFIER=Intel64 Family 6 Model 158 Stepping 10, GenuineIntel



---------------  S Y S T E M  ---------------

OS: Windows 10.0 , 64 bit Build 14393 (10.0.14393.2214)

CPU:total 6 (initial active 6) (6 cores per cpu, 1 threads per core) family 6 model 158 stepping 10, cmov, cx8, fxsr, mmx, sse, sse2, sse3, ssse3, sse4.1, sse4.2, popcnt, avx, avx2, clmul, erms, rtm, 3dnowpref, lzcnt, tsc, tscinvbit, bmi1, bmi2, adx

Memory: 4k page, physical 8267268k(925660k free), swap 10364420k(4484k free)

vm_info: OpenJDK 64-Bit Server VM (25.152-b02) for windows-amd64 JRE (1.8.0_152-release-1024-b02), built by "builder" with MS VC++ 10.0 (VS2010)

time: Thu Oct 25 14:59:44 2018
elapsed time: 3153 seconds (0d 0h 52m 33s)

